{"message":"SOMETHING","level":"info"}
{"message":"SOMETHING","level":"warn"}
{"message":"SOMETHING","level":"error"}
{"message":"SOMETHING","level":"info"}
{"message":"SOMETHING","level":"warn"}
{"message":"SOMETHING","level":"error"}
{"message":"SOMETHING","level":"info"}
{"message":"SOMETHING","level":"warn"}
{"message":"SOMETHING","level":"error"}
{"message":"SOMETHING","level":"info"}
{"message":"SOMETHING","level":"warn"}
{"message":"SOMETHING","level":"error"}
{"message":"SOMETHING","level":"info"}
{"message":"SOMETHING","level":"warn"}
{"message":"SOMETHING","level":"error"}
{"message":"SOMETHING","level":"info"}
{"message":"SOMETHING","level":"warn"}
{"message":"SOMETHING","level":"error"}
{"message":"SOMETHING","level":"info"}
{"message":"SOMETHING","level":"warn"}
{"message":"SOMETHING","level":"error"}
{"message":"SOMETHING","level":"info"}
{"message":"SOMETHING","level":"warn"}
{"message":"SOMETHING","level":"error"}
{"message":"SOMETHING","level":"info"}
{"message":"SOMETHING","level":"warn"}
{"message":"SOMETHING","level":"error"}
{"message":"SOMETHING","level":"info"}
{"message":"SOMETHING","level":"warn"}
{"message":"SOMETHING","level":"error"}
{"message":"SOMETHING","level":"info"}
{"message":"SOMETHING","level":"warn"}
{"message":"SOMETHING","level":"error"}
{"message":"SOMETHING","level":"info"}
{"message":"SOMETHING","level":"warn"}
{"message":"SOMETHING","level":"error"}
{"message":"SOMETHING","level":"info"}
{"message":"SOMETHING","level":"warn"}
{"message":"SOMETHING","level":"error"}
{"message":"SOMETHING","level":"info"}
{"message":"SOMETHING","level":"warn"}
{"message":"SOMETHING","level":"error"}
{"message":"SOMETHING","level":"info"}
{"message":"SOMETHING","level":"warn"}
{"message":"SOMETHING","level":"error"}
{"message":"SOMETHING","level":"info"}
{"message":"SOMETHING","level":"warn"}
{"message":"SOMETHING","level":"error"}
{"message":"SOMETHING","level":"info"}
{"message":"SOMETHING","level":"warn"}
{"message":"SOMETHING","level":"error"}
{"message":"SOMETHING","level":"info"}
{"message":"SOMETHING","level":"warn"}
{"message":"SOMETHING","level":"error"}
{"message":"SOMETHING","level":"info"}
{"message":"SOMETHING","level":"warn"}
{"message":"SOMETHING","level":"error"}
{"message":"SOMETHING","level":"error"}
{"message":"Will be logged in both transports!","level":"info"}
{"message":"SOMETHING","level":"info"}
{"message":"SOMETHING","level":"warn"}
{"message":"SOMETHING","level":"error"}
{"message":"DFJ","level":"info"}
{"message":"DFJ","level":"info"}
{"message":"FKDJ","level":"warn"}
